<?xml version="1.0" encoding="UTF-8"?>
<!-- Generated by org.testng.reporters.JUnitReportReporter -->
<testsuite hostname="LAPTOP-EH8RU0OB" failures="0" tests="3" name="runners.TestRunner" time="26.330" errors="0" timestamp="2026-03-16T21:16:50 IST" skipped="0">
  <testcase classname="runners.TestRunner" name="runScenario" time="8.781"/>
  <system-out/>
  <testcase classname="runners.TestRunner" name="runScenario" time="8.752"/>
  <system-out/>
  <testcase classname="runners.TestRunner" name="runScenario" time="8.797"/>
  <system-out/>
</testsuite> <!-- runners.TestRunner -->
