<?xml version="1.0" encoding="UTF-8"?>
<!-- Generated by org.testng.reporters.JUnitReportReporter -->
<testsuite hostname="LAPTOP-EH8RU0OB" failures="0" tests="3" name="runners.TestRunner" time="20.588" errors="0" timestamp="2026-03-16T21:17:30 IST" skipped="0">
  <testcase classname="runners.TestRunner" name="runScenario" time="6.833"/>
  <system-out/>
  <testcase classname="runners.TestRunner" name="runScenario" time="6.908"/>
  <system-out/>
  <testcase classname="runners.TestRunner" name="runScenario" time="6.847"/>
  <system-out/>
</testsuite> <!-- runners.TestRunner -->
